Found and included: ../src/drivers/../usb/../dev/GenericTypeDefs.h
Found and included: ../src/mdd/../drivers/led.h
Found and included: ../src/usb/../mdd/SD-SPI.h
Found and included: ../src/drivers/../dev/Compiler.h
Found and included: ../src/usb/../drivers/../usb/../dev/Compiler.h
Found and included: ../src/drivers/../mdd/../dev/GenericTypeDefs.h
Found and included: ../src/drivers/../usb/usb_hal_pic24f.h
Found and included: ../src/usb/../drivers/../usb/usb_hal_pic24f.h
Found and included: ../src/drivers/../mdd/FSconfig.h
Found and included: ../src/usb/../drivers/../usb/usb_config.h
Found and included: ../src/usb/../drivers/../dev/GenericTypeDefs.h
Found and included: ../src/drivers/../mdd/SD-SPI.h
Found and included: ../src/drivers/../usb/usb_ch9.h
Found and included: ../src/drivers/../usb/usb_config.h
Found and included: ../src/drivers/../mdd/FSDefs.h
Found and included: ../src/drivers/../dev/GenericTypeDefs.h
Found and included: ../src/usb/../dev/Compiler.h
Found and included: ../src/usb/../drivers/../usb/usb_common.h
Found and included: ../src/drivers/../usb/usb_common.h
Found and included: ../src/drivers/../usb/../dev/Compiler.h
Found and included: ../src/drivers/../mdd/FSIO.h
Found and included: ../src/usb/../mdd/FSconfig.h
Found and included: ../src/usb/../mdd/FSDefs.h
Found and included: ../src/usb/../drivers/../dev/Compiler.h
Found and included: ../src/usb/../mdd/../dev/Compiler.h
Found and included: ../src/usb/../drivers/../dev/p24FJ256GB106.h
Found and included: ../src/usb/../drivers/usb.h
Found and included: ../src/usb/../dev/GenericTypeDefs.h
Found and included: ../src/drivers/../mdd/../dev/Compiler.h
Found and included: ../src/usb/../drivers/../usb/usb_device.h
Found and included: ../src/drivers/../usb/usb_device.h
Found and included: ../src/drivers/../dev/p24FJ256GB106.h
Found and included: ../src/usb/../mdd/HardwareProfile.h
Found and included: ../src/drivers/../usb/../mdd/FSDefs.h
Found and included: ../src/mdd/../dev/Compiler.h
Found and included: ../src/usb/../drivers/../usb/usb_hal.h
Found and included: ../src/usb/../mdd/../dev/GenericTypeDefs.h
Found and included: ../src/usb/../drivers/../usb/usb_ch9.h
Found and included: ../src/drivers/../usb/usb_hal.h
Found and included: ../src/drivers/../usb/usb_function_msd.h
Found and included: ../src/usb/../drivers/system.h
Found and included: ../src/drivers/../mdd/HardwareProfile.h
Found and included: ../src/drivers/dataLog.h
Found and included: ../src/mdd/../dev/GenericTypeDefs.h
